[2026-04-05 16:47:36.012] [INFO] [System] [Logger initialized]
[2026-04-05 16:47:36.012] [INFO] [System] [Session ID: WT202604051647359e64d3e0]
[2026-04-05 16:47:36.012] [INFO] [System] [Log level: standard]
[2026-04-05 16:47:36.028] [INFO] [Core] [WinTune Pro initialized - Session: WT202604051647359e64d3e0]
[2026-04-05 16:47:36.028] [INFO] [Core] [Administrator: True]
[2026-04-05 16:47:36.028] [INFO] [Core] [PowerShell Version: 5.1.26100.7920]
[2026-04-05 16:47:41.189] [SUCCESS] [HealthScore] [Starting system health assessment...]
[2026-04-05 16:47:41.205] [INFO] [HealthScore] [Calculating disk health score...]
[2026-04-05 16:47:41.205] [INFO] [HealthScore] [System drive: C: | Free: 7.88 GB (7.9%)]
[2026-04-05 16:47:41.220] [INFO] [HealthScore] [Disk health score: 5/20]
[2026-04-05 16:47:41.220] [INFO] [HealthScore] [Calculating startup health score...]
[2026-04-05 16:47:41.300] [INFO] [HealthScore] [Total startup items found: 7]
[2026-04-05 16:47:41.315] [INFO] [HealthScore] [Startup health score: 14/15]
[2026-04-05 16:47:41.315] [INFO] [HealthScore] [Calculating service health score...]
[2026-04-05 16:47:41.694] [INFO] [HealthScore] [Unnecessary services running: 1]
[2026-04-05 16:47:41.694] [INFO] [HealthScore] [Service health score: 15/15]
[2026-04-05 16:47:41.694] [INFO] [HealthScore] [Calculating network health score...]
[2026-04-05 16:47:41.757] [INFO] [HealthScore] [Network latency to 8.8.8.8: 16ms]
[2026-04-05 16:47:41.757] [INFO] [HealthScore] [Network health score: 12/15]
[2026-04-05 16:47:41.773] [INFO] [HealthScore] [Calculating privacy health score...]
[2026-04-05 16:47:41.773] [INFO] [HealthScore] [Privacy health score: 10/10]
[2026-04-05 16:47:41.789] [INFO] [HealthScore] [Calculating security health score...]
[2026-04-05 16:47:43.178] [INFO] [HealthScore] [Security health score: 8/10]
[2026-04-05 16:47:43.193] [INFO] [HealthScore] [Calculating system freshness score...]
[2026-04-05 16:47:43.193] [INFO] [HealthScore] [System uptime: 0 days (last boot: 04/05/2026 16:47:43)]
[2026-04-05 16:47:43.241] [INFO] [HealthScore] [System freshness score: 15/15]
[2026-04-05 16:47:43.241] [SUCCESS] [HealthScore] [Health assessment complete. Total score: 79/100 (2.0521283 s)]
