[2026-04-03 00:47:06.887] [INFO] [System] [Logger initialized]
[2026-04-03 00:47:06.887] [INFO] [System] [Session ID: WT2026040300470612fd8d7d]
[2026-04-03 00:47:06.887] [INFO] [System] [Log level: standard]
[2026-04-03 00:47:06.902] [INFO] [Core] [WinTune Pro initialized - Session: WT2026040300470612fd8d7d]
[2026-04-03 00:47:06.905] [INFO] [Core] [Administrator: False]
[2026-04-03 00:47:06.911] [INFO] [Core] [PowerShell Version: 5.1.26100.7920]
[2026-04-03 00:47:06.919] [SUCCESS] [HealthScore] [Starting system health assessment...]
[2026-04-03 00:47:06.927] [INFO] [HealthScore] [Calculating disk health score...]
[2026-04-03 00:47:07.048] [INFO] [HealthScore] [System drive: C: | Free: 7.52 GB (7.6%)]
[2026-04-03 00:47:07.057] [INFO] [HealthScore] [Disk health score: 5/20]
[2026-04-03 00:47:07.064] [INFO] [HealthScore] [Calculating startup health score...]
[2026-04-03 00:47:07.103] [INFO] [HealthScore] [Total startup items found: 8]
[2026-04-03 00:47:07.118] [INFO] [HealthScore] [Startup health score: 14/15]
[2026-04-03 00:47:07.124] [INFO] [HealthScore] [Calculating service health score...]
[2026-04-03 00:47:07.352] [INFO] [HealthScore] [Unnecessary services running: 2]
[2026-04-03 00:47:07.358] [INFO] [HealthScore] [Service health score: 15/15]
[2026-04-03 00:47:07.363] [INFO] [HealthScore] [Calculating network health score...]
[2026-04-03 00:47:07.430] [INFO] [HealthScore] [Network latency to 8.8.8.8: 14ms]
[2026-04-03 00:47:07.435] [INFO] [HealthScore] [Network health score: 12/15]
[2026-04-03 00:47:07.439] [INFO] [HealthScore] [Calculating privacy health score...]
[2026-04-03 00:47:07.456] [INFO] [HealthScore] [Privacy health score: 10/10]
[2026-04-03 00:47:07.462] [INFO] [HealthScore] [Calculating security health score...]
[2026-04-03 00:47:09.281] [INFO] [HealthScore] [Security health score: 8/10]
[2026-04-03 00:47:09.286] [INFO] [HealthScore] [Calculating system freshness score...]
[2026-04-03 00:47:09.298] [INFO] [HealthScore] [System uptime: 0 days (last boot: 04/03/2026 00:47:09)]
[2026-04-03 00:47:09.345] [INFO] [HealthScore] [System freshness score: 15/15]
[2026-04-03 00:47:09.349] [SUCCESS] [HealthScore] [Health assessment complete. Total score: 79/100 (2.426661 s)]
