[2026-04-05 09:40:38.094] [INFO] [System] [Logger initialized]
[2026-04-05 09:40:38.100] [INFO] [System] [Session ID: WT20260405094038c6de95df]
[2026-04-05 09:40:38.100] [INFO] [System] [Log level: standard]
[2026-04-05 09:40:38.108] [INFO] [Core] [WinTune Pro initialized - Session: WT20260405094038c6de95df]
[2026-04-05 09:40:38.108] [INFO] [Core] [Administrator: True]
[2026-04-05 09:40:38.114] [INFO] [Core] [PowerShell Version: 5.1.26100.7920]
[2026-04-05 09:40:41.156] [SUCCESS] [HealthScore] [Starting system health assessment...]
[2026-04-05 09:40:41.163] [INFO] [HealthScore] [Calculating disk health score...]
[2026-04-05 09:40:41.177] [INFO] [HealthScore] [System drive: C: | Free: 16.5 GB (16.6%)]
[2026-04-05 09:40:41.190] [INFO] [HealthScore] [Disk health score: 10/20]
[2026-04-05 09:40:41.261] [INFO] [HealthScore] [Calculating startup health score...]
[2026-04-05 09:40:41.281] [INFO] [HealthScore] [Total startup items found: 7]
[2026-04-05 09:40:41.295] [INFO] [HealthScore] [Startup health score: 14/15]
[2026-04-05 09:40:41.295] [INFO] [HealthScore] [Calculating service health score...]
[2026-04-05 09:40:41.469] [INFO] [HealthScore] [Unnecessary services running: 2]
[2026-04-05 09:40:41.475] [INFO] [HealthScore] [Service health score: 15/15]
[2026-04-05 09:40:41.475] [INFO] [HealthScore] [Calculating network health score...]
[2026-04-05 09:40:41.532] [INFO] [HealthScore] [Network latency to 8.8.8.8: 17ms]
[2026-04-05 09:40:41.532] [INFO] [HealthScore] [Network health score: 12/15]
[2026-04-05 09:40:41.538] [INFO] [HealthScore] [Calculating privacy health score...]
[2026-04-05 09:40:41.553] [INFO] [HealthScore] [Privacy health score: 10/10]
[2026-04-05 09:40:41.559] [INFO] [HealthScore] [Calculating security health score...]
[2026-04-05 09:40:42.239] [INFO] [HealthScore] [Security health score: 8/10]
[2026-04-05 09:40:42.246] [INFO] [HealthScore] [Calculating system freshness score...]
[2026-04-05 09:40:42.253] [INFO] [HealthScore] [System uptime: 0 days (last boot: 04/05/2026 09:40:42)]
[2026-04-05 09:40:42.302] [INFO] [HealthScore] [System freshness score: 15/15]
[2026-04-05 09:40:42.309] [SUCCESS] [HealthScore] [Health assessment complete. Total score: 84/100 (1.145857 s)]
