[2026-04-03 00:58:49.617] [INFO] [System] [Logger initialized]
[2026-04-03 00:58:49.617] [INFO] [System] [Session ID: WT20260403005849a5d14817]
[2026-04-03 00:58:49.617] [INFO] [System] [Log level: standard]
[2026-04-03 00:58:49.629] [INFO] [Core] [WinTune Pro initialized - Session: WT20260403005849a5d14817]
[2026-04-03 00:58:49.631] [INFO] [Core] [Administrator: False]
[2026-04-03 00:58:49.636] [INFO] [Core] [PowerShell Version: 5.1.26100.7920]
[2026-04-03 00:58:50.013] [SUCCESS] [Cleaning] [Cleaned UserTemp (60.03 MB, 552 files)]
[2026-04-03 00:58:50.034] [SUCCESS] [HealthScore] [Starting system health assessment...]
[2026-04-03 00:58:50.041] [INFO] [HealthScore] [Calculating disk health score...]
[2026-04-03 00:58:50.191] [INFO] [HealthScore] [System drive: C: | Free: 7.52 GB (7.6%)]
[2026-04-03 00:58:50.207] [INFO] [HealthScore] [Disk health score: 5/20]
[2026-04-03 00:58:50.213] [INFO] [HealthScore] [Calculating startup health score...]
[2026-04-03 00:58:50.239] [INFO] [HealthScore] [Total startup items found: 8]
[2026-04-03 00:58:50.252] [INFO] [HealthScore] [Startup health score: 14/15]
[2026-04-03 00:58:50.256] [INFO] [HealthScore] [Calculating service health score...]
[2026-04-03 00:58:50.528] [INFO] [HealthScore] [Unnecessary services running: 2]
[2026-04-03 00:58:50.544] [INFO] [HealthScore] [Service health score: 15/15]
[2026-04-03 00:58:50.548] [INFO] [HealthScore] [Calculating network health score...]
[2026-04-03 00:58:50.590] [INFO] [HealthScore] [Network latency to 8.8.8.8: 14ms]
[2026-04-03 00:58:50.606] [INFO] [HealthScore] [Network health score: 12/15]
[2026-04-03 00:58:50.611] [INFO] [HealthScore] [Calculating privacy health score...]
[2026-04-03 00:58:50.627] [INFO] [HealthScore] [Privacy health score: 10/10]
[2026-04-03 00:58:50.627] [INFO] [HealthScore] [Calculating security health score...]
[2026-04-03 00:58:51.319] [INFO] [HealthScore] [Security health score: 8/10]
[2026-04-03 00:58:51.319] [INFO] [HealthScore] [Calculating system freshness score...]
[2026-04-03 00:58:51.335] [INFO] [HealthScore] [System uptime: 0 days (last boot: 04/03/2026 00:58:51)]
[2026-04-03 00:58:51.376] [INFO] [HealthScore] [System freshness score: 15/15]
[2026-04-03 00:58:51.392] [SUCCESS] [HealthScore] [Health assessment complete. Total score: 79/100 (1.3540836 s)]
