[2026-04-05 09:39:58.900] [INFO] [System] [Logger initialized]
[2026-04-05 09:39:58.900] [INFO] [System] [Session ID: WT2026040509395888e5769e]
[2026-04-05 09:39:58.900] [INFO] [System] [Log level: standard]
[2026-04-05 09:39:58.907] [INFO] [Core] [WinTune Pro initialized - Session: WT2026040509395888e5769e]
[2026-04-05 09:39:58.914] [INFO] [Core] [Administrator: True]
[2026-04-05 09:39:58.914] [INFO] [Core] [PowerShell Version: 5.1.26100.7920]
[2026-04-05 09:40:02.635] [SUCCESS] [HealthScore] [Starting system health assessment...]
[2026-04-05 09:40:02.644] [INFO] [HealthScore] [Calculating disk health score...]
[2026-04-05 09:40:02.663] [INFO] [HealthScore] [System drive: C: | Free: 16.52 GB (16.6%)]
[2026-04-05 09:40:02.678] [INFO] [HealthScore] [Disk health score: 10/20]
[2026-04-05 09:40:02.707] [INFO] [HealthScore] [Calculating startup health score...]
[2026-04-05 09:40:02.747] [INFO] [HealthScore] [Total startup items found: 7]
[2026-04-05 09:40:02.768] [INFO] [HealthScore] [Startup health score: 14/15]
[2026-04-05 09:40:02.775] [INFO] [HealthScore] [Calculating service health score...]
[2026-04-05 09:40:03.220] [INFO] [HealthScore] [Unnecessary services running: 2]
[2026-04-05 09:40:03.227] [INFO] [HealthScore] [Service health score: 15/15]
[2026-04-05 09:40:03.233] [INFO] [HealthScore] [Calculating network health score...]
[2026-04-05 09:40:03.310] [INFO] [HealthScore] [Network latency to 8.8.8.8: 16ms]
[2026-04-05 09:40:03.317] [INFO] [HealthScore] [Network health score: 12/15]
[2026-04-05 09:40:03.324] [INFO] [HealthScore] [Calculating privacy health score...]
[2026-04-05 09:40:03.352] [INFO] [HealthScore] [Privacy health score: 10/10]
[2026-04-05 09:40:03.359] [INFO] [HealthScore] [Calculating security health score...]
[2026-04-05 09:40:05.115] [INFO] [HealthScore] [Security health score: 8/10]
[2026-04-05 09:40:05.122] [INFO] [HealthScore] [Calculating system freshness score...]
[2026-04-05 09:40:05.136] [INFO] [HealthScore] [System uptime: 0 days (last boot: 04/05/2026 09:40:05)]
[2026-04-05 09:40:05.178] [INFO] [HealthScore] [System freshness score: 15/15]
[2026-04-05 09:40:05.185] [SUCCESS] [HealthScore] [Health assessment complete. Total score: 84/100 (2.5453568 s)]
[2026-04-05 09:40:19.615] [INFO] [System] [Config 'Theme' changed from 'dark' to 'Dark']
[2026-04-05 09:40:19.622] [INFO] [System] [Config 'LastSessionState' changed from '@{LastSpaceRecovered=0; LastRunTime=2026-04-03 00:14:25; SessionId=e864fd59d15c}' to 'System.Collections.Hashtable']
[2026-04-05 09:40:19.643] [INFO] [System] [Configuration saved to E:\WinTunePro\config.json]
[2026-04-05 09:40:26.435] [INFO] [System] [Config 'Theme' changed from 'Dark' to 'Light']
[2026-04-05 09:40:26.441] [INFO] [System] [Config 'LastSessionState' changed from 'System.Collections.Hashtable' to 'System.Collections.Hashtable']
[2026-04-05 09:40:26.441] [INFO] [System] [Configuration saved to E:\WinTunePro\config.json]
[2026-04-05 09:40:32.532] [INFO] [System] [Config 'AutoRestorePoint' changed from 'True' to 'True']
[2026-04-05 09:40:32.532] [INFO] [System] [Config 'ShowConfirmations' changed from 'False' to 'False']
[2026-04-05 09:40:32.539] [INFO] [System] [Config 'AutoGenerateReports' changed from 'True' to 'True']
[2026-04-05 09:40:32.539] [INFO] [System] [Config 'TestMode' changed from 'False' to 'False']
[2026-04-05 09:40:32.539] [INFO] [System] [Config 'LastSessionState' changed from 'System.Collections.Hashtable' to 'System.Collections.Hashtable']
[2026-04-05 09:40:32.545] [INFO] [System] [Configuration saved to E:\WinTunePro\config.json]
